<?xml version="1.0" encoding="UTF-8"?>
<!-- Generated by org.testng.reporters.JUnitXMLReporter -->
<testsuite hostname="DESKTOP-UCMITSF" name="TestChrome" tests="4" failures="0" timestamp="15 Apr 2017 13:34:39 GMT" time="0.074" errors="0">
  <testcase name="@BeforeMethod precondition" time="0.0" classname="Script.VerifyLoginLogout">
    <failure type="org.testng.TestNGException" message="
Parameter &amp;apos;Browser&amp;apos; is required by @Configuration on method precondition but has not been marked @Optional or defined
in E:\seleniumFramework\SeleniumFramework\testng.xml">
      <![CDATA[org.testng.TestNGException: 
Parameter 'Browser' is required by @Configuration on method precondition but has not been marked @Optional or defined
in E:\seleniumFramework\SeleniumFramework\testng.xml
	at java.util.concurrent.FutureTask.run(Unknown Source)
	at java.util.concurrent.ThreadPoolExecutor.runWorker(Unknown Source)
	at java.util.concurrent.ThreadPoolExecutor$Worker.run(Unknown Source)
	at java.lang.Thread.run(Unknown Source)
... Removed 15 stack frames]]>
    </failure>
  </testcase> <!-- @BeforeMethod precondition -->
  <testcase name="@AfterMethod postcondition" time="0.0" classname="Script.VerifyLoginLogout">
    <skipped/>
  </testcase> <!-- @AfterMethod postcondition -->
  <testcase name="@BeforeMethod precondition" time="0.0" classname="Script.VerifyVersion">
    <skipped/>
  </testcase> <!-- @BeforeMethod precondition -->
  <testcase name="@AfterMethod postcondition" time="0.0" classname="Script.VerifyVersion">
    <skipped/>
  </testcase> <!-- @AfterMethod postcondition -->
  <testcase name="@BeforeMethod precondition" time="0.0" classname="Script.VerifyInvalidLogin">
    <skipped/>
  </testcase> <!-- @BeforeMethod precondition -->
  <testcase name="@AfterMethod postcondition" time="0.0" classname="Script.VerifyInvalidLogin">
    <skipped/>
  </testcase> <!-- @AfterMethod postcondition -->
  <testcase name="@BeforeMethod precondition" time="0.0" classname="Script.verifyLoginPage">
    <skipped/>
  </testcase> <!-- @BeforeMethod precondition -->
  <testcase name="@AfterMethod postcondition" time="0.0" classname="Script.verifyLoginPage">
    <skipped/>
  </testcase> <!-- @AfterMethod postcondition -->
  <testcase name="testVerifyLoginLogout" time="0.015" classname="Script.VerifyLoginLogout">
    <skipped/>
  </testcase> <!-- testVerifyLoginLogout -->
  <testcase name="testVerifyVersion" time="0.002" classname="Script.VerifyVersion">
    <skipped/>
  </testcase> <!-- testVerifyVersion -->
  <testcase name="testVerifyInvalidLogin" time="0.001" classname="Script.VerifyInvalidLogin">
    <skipped/>
  </testcase> <!-- testVerifyInvalidLogin -->
  <testcase name="testVerifyLoginPage" time="0.003" classname="Script.verifyLoginPage">
    <skipped/>
  </testcase> <!-- testVerifyLoginPage -->
</testsuite> <!-- TestChrome -->
